<?xml version="1.0" encoding="UTF-8"?>
<!-- Generated by org.testng.reporters.JUnitReportReporter -->
<testsuite hostname="DESKTOP-GBMU59R" failures="0" tests="2" name="com.qalegend.tests.ResetPasswordPageTest" time="14.715" errors="0" timestamp="2024-06-16T02:40:10 IST" skipped="0">
  <testcase classname="com.qalegend.tests.ResetPasswordPageTest" name="veriyErrorMessageWithInvalidMailId" time="7.028"/>
  <system-out/>
  <testcase classname="com.qalegend.tests.ResetPasswordPageTest" name="veriySuccessMessageWithValidMailId" time="7.687"/>
  <system-out/>
</testsuite> <!-- com.qalegend.tests.ResetPasswordPageTest -->
