<?xml version="1.0" encoding="UTF-8"?>
<!-- Generated by org.testng.reporters.JUnitReportReporter -->
<testsuite hostname="DESKTOP-GBMU59R" failures="0" tests="1" name="com.qalegend.tests.ProductsPageTest" time="14.744" errors="0" timestamp="2024-06-20T23:17:30 IST" skipped="0">
  <testcase classname="com.qalegend.tests.ProductsPageTest" name="VerifyProductsFilter" time="14.744"/>
  <system-out/>
</testsuite> <!-- com.qalegend.tests.ProductsPageTest -->
