<?xml version="1.0" encoding="UTF-8"?>
<!-- Generated by org.testng.reporters.JUnitReportReporter -->
<testsuite hostname="DESKTOP-GBMU59R" failures="0" tests="4" name="com.qalegend.tests.LoginPageTest" time="34.440" errors="0" timestamp="2024-06-18T00:03:32 IST" skipped="0">
  <testcase classname="com.qalegend.tests.LoginPageTest" name="verifyUserLoginWithInvalidCredentials" time="8.343"/>
  <system-out/>
  <testcase classname="com.qalegend.tests.LoginPageTest" name="verifyUserLoginWithInvalidCredentials" time="5.963"/>
  <system-out/>
  <testcase classname="com.qalegend.tests.LoginPageTest" name="verifyUserLoginWithInvalidCredentials" time="6.413"/>
  <system-out/>
  <testcase classname="com.qalegend.tests.LoginPageTest" name="verifyUserLogin" time="13.721"/>
  <system-out/>
</testsuite> <!-- com.qalegend.tests.LoginPageTest -->
