<?xml version="1.0" encoding="UTF-8"?>
<!-- Generated by org.testng.reporters.JUnitReportReporter -->
<testsuite hostname="DESKTOP-GBMU59R" failures="0" tests="2" name="com.qalegend.tests.ResetPasswordPageTest" time="16.705" errors="0" timestamp="2024-06-19T00:01:12 IST" skipped="0">
  <testcase classname="com.qalegend.tests.ResetPasswordPageTest" name="veriyErrorMessageWithInvalidMailId" time="7.654"/>
  <system-out/>
  <testcase classname="com.qalegend.tests.ResetPasswordPageTest" name="veriySuccessMessageWithValidMailId" time="9.051"/>
  <system-out/>
</testsuite> <!-- com.qalegend.tests.ResetPasswordPageTest -->
