<?xml version="1.0" encoding="UTF-8"?>
<!-- Generated by org.testng.reporters.JUnitReportReporter -->
<testsuite hostname="DESKTOP-GBMU59R" failures="0" tests="2" name="com.qalegend.tests.HomePageTest" time="22.909" errors="0" timestamp="2024-06-20T23:17:30 IST" skipped="0">
  <testcase classname="com.qalegend.tests.HomePageTest" name="VerifyHomePageTitle" time="11.651"/>
  <system-out/>
  <testcase classname="com.qalegend.tests.HomePageTest" name="verifyUserLoginDate" time="11.258"/>
  <system-out/>
</testsuite> <!-- com.qalegend.tests.HomePageTest -->
