<?xml version="1.0" encoding="UTF-8"?>
<!-- Generated by org.testng.reporters.JUnitReportReporter -->
<testsuite hostname="DESKTOP-GBMU59R" failures="0" tests="2" name="com.qalegend.tests.UsersPageTest" time="49.882" errors="0" timestamp="2024-06-20T23:17:30 IST" skipped="0">
  <testcase classname="com.qalegend.tests.UsersPageTest" name="veriyLoginWithNewlyAddedUser" time="27.089"/>
  <system-out/>
  <testcase classname="com.qalegend.tests.UsersPageTest" name="verifyAddUser" time="22.793"/>
  <system-out/>
</testsuite> <!-- com.qalegend.tests.UsersPageTest -->
