<?xml version="1.0" encoding="UTF-8"?>
<!-- Generated by org.testng.reporters.JUnitReportReporter -->
<testsuite hostname="DESKTOP-GBMU59R" failures="0" tests="1" name="com.qalegend.tests.BookingsPageTest" time="14.456" errors="0" timestamp="2024-06-15T23:49:08 IST" skipped="0">
  <testcase classname="com.qalegend.tests.BookingsPageTest" name="verifyBookingListWithoutAnyBooking" time="14.456"/>
  <system-out/>
</testsuite> <!-- com.qalegend.tests.BookingsPageTest -->
