<?xml version="1.0" encoding="UTF-8"?>
<!-- Generated by org.testng.reporters.JUnitReportReporter -->
<testsuite hostname="DESKTOP-GBMU59R" failures="0" tests="1" name="com.qalegend.tests.UserManagementPageTest" time="17.188" errors="0" timestamp="2024-06-16T01:09:12 IST" skipped="0">
  <testcase classname="com.qalegend.tests.UserManagementPageTest" name="verifyUserManagementUserOptions" time="17.188"/>
  <system-out/>
</testsuite> <!-- com.qalegend.tests.UserManagementPageTest -->
