<?xml version="1.0" encoding="UTF-8"?>
<!-- Generated by org.testng.reporters.JUnitReportReporter -->
<testsuite hostname="DESKTOP-GBMU59R" failures="0" tests="1" name="com.qalegend.tests.HomePageTest" time="14.232" errors="0" timestamp="2024-06-19T00:01:12 IST" skipped="0">
  <testcase classname="com.qalegend.tests.HomePageTest" name="verifyUserLoginDate" time="14.232"/>
  <system-out/>
</testsuite> <!-- com.qalegend.tests.HomePageTest -->
