<?xml version="1.0" encoding="UTF-8"?>
<!-- Generated by org.testng.reporters.JUnitReportReporter -->
<testsuite hostname="DESKTOP-GBMU59R" failures="0" tests="1" name="com.qalegend.tests.ProductsPageTest" time="32.504" errors="0" timestamp="2024-06-21T21:05:13 IST" skipped="0">
  <testcase classname="com.qalegend.tests.ProductsPageTest" name="verifyProductsFilter" time="32.504"/>
  <system-out/>
</testsuite> <!-- com.qalegend.tests.ProductsPageTest -->
