<?xml version="1.0" encoding="UTF-8"?>
<!-- Generated by org.testng.reporters.JUnitReportReporter -->
<testsuite hostname="DESKTOP-GBMU59R" failures="0" tests="2" name="com.qalegend.tests.HomePageTest" time="26.408" errors="0" timestamp="2024-06-21T21:05:13 IST" skipped="0">
  <testcase classname="com.qalegend.tests.HomePageTest" name="verifyUserLoginDate" time="12.188"/>
  <system-out/>
  <testcase classname="com.qalegend.tests.HomePageTest" name="VerifyHomePageTitle" time="14.220"/>
  <system-out/>
</testsuite> <!-- com.qalegend.tests.HomePageTest -->
