<?xml version="1.0" encoding="UTF-8"?>
<!-- Generated by org.testng.reporters.JUnitReportReporter -->
<testsuite hostname="DESKTOP-GBMU59R" failures="0" tests="4" name="com.qalegend.tests.LoginPageTest" time="31.240" errors="0" timestamp="2024-06-16T02:40:10 IST" skipped="0">
  <testcase classname="com.qalegend.tests.LoginPageTest" name="verifyUserLoginWithInvalidCredentials" time="6.346"/>
  <system-out/>
  <testcase classname="com.qalegend.tests.LoginPageTest" name="verifyUserLogin" time="11.529"/>
  <system-out/>
  <testcase classname="com.qalegend.tests.LoginPageTest" name="verifyUserLoginWithInvalidCredentials" time="6.229"/>
  <system-out/>
  <testcase classname="com.qalegend.tests.LoginPageTest" name="verifyUserLoginWithInvalidCredentials" time="7.136"/>
  <system-out/>
</testsuite> <!-- com.qalegend.tests.LoginPageTest -->
