<?xml version="1.0" encoding="UTF-8"?>
<!-- Generated by org.testng.reporters.JUnitReportReporter -->
<testsuite hostname="DESKTOP-GBMU59R" failures="0" tests="2" name="com.qalegend.tests.ResetPasswordPageTest" time="29.559" errors="0" timestamp="2024-06-21T21:05:13 IST" skipped="0">
  <testcase classname="com.qalegend.tests.ResetPasswordPageTest" name="veriySuccessMessageWithValidMailId" time="11.253"/>
  <system-out/>
  <testcase classname="com.qalegend.tests.ResetPasswordPageTest" name="veriyErrorMessageWithInvalidMailId" time="18.306"/>
  <system-out/>
</testsuite> <!-- com.qalegend.tests.ResetPasswordPageTest -->
