<?xml version="1.0" encoding="UTF-8"?>
<!-- Generated by org.testng.reporters.JUnitReportReporter -->
<testsuite hostname="DESKTOP-GBMU59R" failures="0" tests="4" name="com.qalegend.tests.LoginPageTest" time="43.350" errors="0" timestamp="2024-06-21T10:09:22 IST" skipped="0">
  <testcase classname="com.qalegend.tests.LoginPageTest" name="verifyUserLoginWithInvalidCredentials" time="9.356"/>
  <system-out/>
  <testcase classname="com.qalegend.tests.LoginPageTest" name="verifyUserLogin" time="16.234"/>
  <system-out/>
  <testcase classname="com.qalegend.tests.LoginPageTest" name="verifyUserLoginWithInvalidCredentials" time="9.226"/>
  <system-out/>
  <testcase classname="com.qalegend.tests.LoginPageTest" name="verifyUserLoginWithInvalidCredentials" time="8.534"/>
  <system-out/>
</testsuite> <!-- com.qalegend.tests.LoginPageTest -->
