<?xml version="1.0" encoding="UTF-8"?>
<!-- Generated by org.testng.reporters.JUnitReportReporter -->
<testsuite hostname="DESKTOP-GBMU59R" failures="0" tests="2" name="com.qalegend.tests.UsersPageTest" time="43.817" errors="0" timestamp="2024-06-18T12:46:29 IST" skipped="0">
  <testcase classname="com.qalegend.tests.UsersPageTest" name="veriyLoginWithNewlyAddedUser" time="23.231"/>
  <system-out/>
  <testcase classname="com.qalegend.tests.UsersPageTest" name="verifyAddUser" time="20.586"/>
  <system-out/>
</testsuite> <!-- com.qalegend.tests.UsersPageTest -->
