<?xml version="1.0" encoding="UTF-8"?>
<!-- Generated by org.testng.reporters.JUnitReportReporter -->
<testsuite hostname="DESKTOP-GBMU59R" failures="0" tests="7" name="com.qalegend.tests.ResetPasswordPageTest" time="192.068" errors="0" timestamp="2024-06-17T20:16:20 IST" skipped="1">
  <testcase classname="com.qalegend.tests.ResetPasswordPageTest" name="veriyErrorMessageWithInvalidMailId" time="22.502"/>
  <system-out/>
  <testcase classname="com.qalegend.tests.ResetPasswordPageTest" name="veriyErrorMessageWithInvalidMailId" time="17.251"/>
  <system-out/>
  <testcase classname="com.qalegend.tests.ResetPasswordPageTest" name="veriySuccessMessageWithValidMailId" time="40.619"/>
  <system-out/>
  <testcase classname="com.qalegend.tests.ResetPasswordPageTest" name="veriySuccessMessageWithValidMailId" time="32.475"/>
  <system-out/>
  <testcase classname="com.qalegend.tests.ResetPasswordPageTest" name="veriyErrorMessageWithInvalidMailId" time="21.761"/>
  <system-out/>
  <testcase classname="com.qalegend.tests.ResetPasswordPageTest" name="veriySuccessMessageWithValidMailId" time="21.073"/>
  <system-out/>
  <testcase classname="com.qalegend.tests.ResetPasswordPageTest" name="veriyErrorMessageWithInvalidMailId" time="36.387">
    <skipped/>
  </testcase> <!-- veriyErrorMessageWithInvalidMailId -->
  <system-out/>
</testsuite> <!-- com.qalegend.tests.ResetPasswordPageTest -->
