<?xml version="1.0" encoding="UTF-8"?>
<!-- Generated by org.testng.reporters.JUnitReportReporter -->
<testsuite hostname="DESKTOP-GBMU59R" failures="0" tests="2" name="com.qalegend.tests.UsersPageTest" time="49.821" errors="0" timestamp="2024-06-16T01:09:12 IST" skipped="0">
  <testcase classname="com.qalegend.tests.UsersPageTest" name="verifyAddUser" time="22.537"/>
  <system-out/>
  <testcase classname="com.qalegend.tests.UsersPageTest" name="veriyLoginWithNewlyAddedUser" time="27.284"/>
  <system-out/>
</testsuite> <!-- com.qalegend.tests.UsersPageTest -->
