<?xml version="1.0" encoding="UTF-8"?>
<!-- Generated by org.testng.reporters.JUnitReportReporter -->
<testsuite hostname="DESKTOP-GBMU59R" failures="0" tests="2" name="com.qalegend.tests.UsersPageTest" time="63.834" errors="0" timestamp="2024-06-21T21:05:13 IST" skipped="0">
  <testcase classname="com.qalegend.tests.UsersPageTest" name="veriyLoginWithNewlyAddedUser" time="21.641"/>
  <system-out/>
  <testcase classname="com.qalegend.tests.UsersPageTest" name="verifyAddUser" time="42.193"/>
  <system-out/>
</testsuite> <!-- com.qalegend.tests.UsersPageTest -->
