<?xml version="1.0" encoding="UTF-8"?>
<!-- Generated by org.testng.reporters.JUnitReportReporter -->
<testsuite hostname="DESKTOP-GBMU59R" failures="0" tests="4" name="com.qalegend.tests.HomePageTest" time="207.336" errors="0" timestamp="2024-06-17T20:15:52 IST" skipped="2">
  <testcase classname="com.qalegend.tests.HomePageTest" name="verifyUserLoginDate" time="63.483"/>
  <system-out/>
  <testcase classname="com.qalegend.tests.HomePageTest" name="VerifyHomePageTitle" time="21.543"/>
  <system-out/>
  <testcase classname="com.qalegend.tests.HomePageTest" name="VerifyHomePageTitle" time="9.172">
    <skipped/>
  </testcase> <!-- VerifyHomePageTitle -->
  <system-out/>
  <testcase classname="com.qalegend.tests.HomePageTest" name="VerifyHomePageTitle" time="113.138">
    <skipped/>
  </testcase> <!-- VerifyHomePageTitle -->
  <system-out/>
</testsuite> <!-- com.qalegend.tests.HomePageTest -->
