<?xml version="1.0" encoding="UTF-8"?>
<!-- Generated by org.testng.reporters.JUnitReportReporter -->
<testsuite hostname="DESKTOP-GBMU59R" failures="0" tests="4" name="com.qalegend.tests.LoginPageTest" time="43.000" errors="0" timestamp="2024-06-20T23:17:30 IST" skipped="0">
  <testcase classname="com.qalegend.tests.LoginPageTest" name="verifyUserLoginWithInvalidCredentials" time="9.350"/>
  <system-out/>
  <testcase classname="com.qalegend.tests.LoginPageTest" name="verifyUserLogin" time="14.362"/>
  <system-out/>
  <testcase classname="com.qalegend.tests.LoginPageTest" name="verifyUserLoginWithInvalidCredentials" time="9.765"/>
  <system-out/>
  <testcase classname="com.qalegend.tests.LoginPageTest" name="verifyUserLoginWithInvalidCredentials" time="9.523"/>
  <system-out/>
</testsuite> <!-- com.qalegend.tests.LoginPageTest -->
