<?xml version="1.0" encoding="UTF-8"?>
<!-- Generated by org.testng.reporters.JUnitReportReporter -->
<testsuite hostname="DESKTOP-GBMU59R" failures="0" tests="4" name="com.qalegend.tests.LoginPageTest" time="65.224" errors="0" timestamp="2024-06-17T20:37:52 IST" skipped="0">
  <testcase classname="com.qalegend.tests.LoginPageTest" name="verifyUserLogin" time="22.076"/>
  <system-out/>
  <testcase classname="com.qalegend.tests.LoginPageTest" name="verifyUserLoginWithInvalidCredentials" time="17.428"/>
  <system-out/>
  <testcase classname="com.qalegend.tests.LoginPageTest" name="verifyUserLoginWithInvalidCredentials" time="14.001"/>
  <system-out/>
  <testcase classname="com.qalegend.tests.LoginPageTest" name="verifyUserLoginWithInvalidCredentials" time="11.719"/>
  <system-out/>
</testsuite> <!-- com.qalegend.tests.LoginPageTest -->
